<?xml version="1.0" encoding="UTF-8"?>
<testsuite xmlns:xsi="http://www.w3.org/2001/XMLSchema-instance" xsi:noNamespaceSchemaLocation="https://maven.apache.org/surefire/maven-surefire-plugin/xsd/surefire-test-report.xsd" name="TestSuite" time="106.987" tests="3" errors="0" skipped="0" failures="1">
  <properties>
[...]
</properties>
  <testcase name="HomePageTestPass" classname="com.wipro.tests.SampleTests" time="46.119"/>
  <testcase name="HomePageTestFail" classname="com.wipro.tests.SampleTests" time="42.297">
    <failure message="Electronics Page is not displayed after scrolling expected [false] but found [true]" type="java.lang.AssertionError">java.lang.AssertionError: Electronics Page is not displayed after scrolling expected [false] but found [true]
	at com.wipro.tests.SampleTests.HomePageTestFail(SampleTests.java:30)
</failure>
  </testcase>
  <testcase name="noInternetTest" classname="com.wipro.tests.SampleTests" time="4.352"/>
</testsuite>