-------------------------------------------------------------------------------
Test set: TestSuite
-------------------------------------------------------------------------------
Tests run: 3, Failures: 1, Errors: 0, Skipped: 0, Time elapsed: 106.987 s <<< FAILURE! - in TestSuite
HomePageTestFail(com.wipro.tests.SampleTests)  Time elapsed: 42.297 s  <<< FAILURE!
java.lang.AssertionError: Electronics Page is not displayed after scrolling expected [false] but found [true]
	at com.wipro.tests.SampleTests.HomePageTestFail(SampleTests.java:30)

