<?xml version="1.0" encoding="UTF-8"?>
<!-- Generated by org.testng.reporters.JUnitXMLReporter -->
<testsuite hostname="LM0001973" ignored="0" name="SampleTests" tests="3" failures="1" timestamp="2021-02-28T21:32:05 IST" time="106.726" errors="0">
  <testcase name="HomePageTestPass" time="46.119" classname="com.wipro.tests.SampleTests"/>
  <testcase name="HomePageTestFail" time="42.292" classname="com.wipro.tests.SampleTests">
    <failure type="java.lang.AssertionError" message="Electronics Page is not displayed after scrolling expected [false] but found [true]">
      <![CDATA[java.lang.AssertionError: Electronics Page is not displayed after scrolling expected [false] but found [true]
at com.wipro.tests.SampleTests.HomePageTestFail(SampleTests.java:30)
at java.util.ArrayList.forEach(ArrayList.java:1259)
... Removed 33 stack frames]]>
    </failure>
  </testcase> <!-- HomePageTestFail -->
  <testcase name="noInternetTest" time="4.352" classname="com.wipro.tests.SampleTests"/>
</testsuite> <!-- SampleTests -->
